<?xml version="1.0" encoding="UTF-8"?>
<!-- Generated by org.testng.reporters.JUnitXMLReporter -->
<testsuite ignored="0" hostname="DESKTOP-CKD7S6E" failures="0" tests="5" name="Test" time="15.236" errors="0" timestamp="2023-10-10T18:21:10 CDT">
  <testcase classname="tests.OpportunitiesTest" name="opportunitiesTest_TC15" time="4.282"/>
  <testcase classname="tests.OpportunitiesTest" name="opportunitiesTest_TC16" time="1.042"/>
  <testcase classname="tests.OpportunitiesTest" name="opportunitiesTest_TC17" time="1.646"/>
  <testcase classname="tests.OpportunitiesTest" name="opportunitiesTest_TC18" time="1.075"/>
  <testcase classname="tests.OpportunitiesTest" name="opportunitiesTest_TC19" time="0.894"/>
</testsuite> <!-- Test -->
