<?xml version="1.0" encoding="UTF-8"?>
<!-- Generated by org.testng.reporters.JUnitXMLReporter -->
<testsuite ignored="0" hostname="DESKTOP-CKD7S6E" failures="0" tests="5" name="Test" time="26.769" errors="0" timestamp="2023-10-13T03:18:04 CDT">
  <testcase classname="tests.OpportunitiesTest" name="opportunitiesTest_TC15" time="3.029"/>
  <testcase classname="tests.OpportunitiesTest" name="opportunitiesTest_TC16" time="3.234"/>
  <testcase classname="tests.OpportunitiesTest" name="opportunitiesTest_TC17" time="2.767"/>
  <testcase classname="tests.OpportunitiesTest" name="opportunitiesTest_TC18" time="2.2"/>
  <testcase classname="tests.OpportunitiesTest" name="opportunitiesTest_TC19" time="1.905"/>
</testsuite> <!-- Test -->
