<?xml version="1.0" encoding="UTF-8"?>
<!-- Generated by org.testng.reporters.JUnitXMLReporter -->
<testsuite ignored="0" hostname="DESKTOP-CKD7S6E" failures="0" tests="3" name="Login" time="49.271" errors="0" timestamp="2023-09-03T21:39:32 CDT">
  <testcase classname="tests.UserMenuTest" name="userMenuDropDown_TC06" time="39.563"/>
  <testcase classname="tests.UserMenuTest" name="userMenuDropDown_TC08" time="1.59"/>
  <testcase classname="tests.UserMenuTest" name="userMenuDropDown_TC09" time="0.964"/>
</testsuite> <!-- Login -->
