<?xml version="1.0" encoding="UTF-8"?>
<!-- Generated by org.testng.reporters.JUnitXMLReporter -->
<testsuite ignored="0" hostname="DESKTOP-CKD7S6E" failures="0" tests="3" name="UserMenu" time="42.617" errors="0" timestamp="2023-09-05T12:57:42 CDT">
  <testcase classname="tests.UserMenuTest" name="userMenuDropDown_TC06" time="35.564"/>
  <testcase classname="tests.UserMenuTest" name="userMenuDropDown_TC08" time="1.304"/>
  <testcase classname="tests.UserMenuTest" name="userMenuDropDown_TC09" time="0.984"/>
</testsuite> <!-- UserMenu -->
