<?xml version="1.0" encoding="UTF-8"?>
<!-- Generated by org.testng.reporters.JUnitXMLReporter -->
<testsuite ignored="0" hostname="DESKTOP-CKD7S6E" failures="0" tests="1" name="UserMenu" time="5.463" errors="0" timestamp="2023-09-01T13:06:22 CDT">
  <testcase classname="tests.BaseTest" name="@AfterTest tearDown" time="-1.693591582261E9">
    <failure type="org.testng.TestNGException" message="
Can inject only one of &amp;lt;ITestContext, XmlTest&amp;gt; into a @AfterTest annotated tearDown.
For more information on native dependency injection please refer to https://testng.org/doc/documentation-main.html#native-dependency-injection">
      <![CDATA[org.testng.TestNGException: 
Can inject only one of <ITestContext, XmlTest> into a @AfterTest annotated tearDown.
For more information on native dependency injection please refer to https://testng.org/doc/documentation-main.html#native-dependency-injection
... Removed 21 stack frames]]>
    </failure>
  </testcase> <!-- @AfterTest tearDown -->
  <testcase classname="tests.UserMenuTest" name="userMenuDropDown_TC08" time="1.724"/>
</testsuite> <!-- UserMenu -->
