<?xml version="1.0" encoding="UTF-8"?>
<testng-results ignored="0" total="1" passed="1" failed="0" skipped="0">
  <reporter-output>
  </reporter-output>
  <suite started-at="2023-09-14T21:29:35 CDT" name="Suite" finished-at="2023-09-14T21:29:44 CDT" duration-ms="9160">
    <groups>
    </groups>
    <test started-at="2023-09-14T21:29:35 CDT" name="Test" finished-at="2023-09-14T21:29:44 CDT" duration-ms="9160">
      <class name="tests.ContactsTest">
        <test-method is-config="true" signature="setDriver(java.lang.String,boolean)[pri:0, instance:tests.ContactsTest@22c01ab0]" started-at="2023-09-14T21:29:35 CDT" name="setDriver" finished-at="2023-09-14T21:29:37 CDT" duration-ms="1784" status="PASS">
          <params>
            <param index="0">
              <value>
                <![CDATA[chrome]]>
              </value>
            </param>
            <param index="1">
              <value>
                <![CDATA[false]]>
              </value>
            </param>
          </params>
          <reporter-output>
          </reporter-output>
        </test-method> <!-- setDriver -->
        <test-method is-config="true" signature="setup(java.lang.reflect.Method)[pri:0, instance:tests.ContactsTest@22c01ab0]" started-at="2023-09-14T21:29:37 CDT" name="setup" finished-at="2023-09-14T21:29:38 CDT" duration-ms="1290" status="PASS">
          <params>
            <param index="0">
              <value>
                <![CDATA[public void tests.ContactsTest.contactsTest_TC32(java.lang.reflect.Method) throws java.io.IOException]]>
              </value>
            </param>
          </params>
          <reporter-output>
          </reporter-output>
        </test-method> <!-- setup -->
        <test-method signature="contactsTest_TC32(java.lang.reflect.Method)[pri:0, instance:tests.ContactsTest@22c01ab0]" started-at="2023-09-14T21:29:38 CDT" name="contactsTest_TC32" finished-at="2023-09-14T21:29:44 CDT" duration-ms="5691" status="PASS">
          <params>
            <param index="0">
              <value>
                <![CDATA[public void tests.ContactsTest.contactsTest_TC32(java.lang.reflect.Method) throws java.io.IOException]]>
              </value>
            </param>
          </params>
          <reporter-output>
          </reporter-output>
        </test-method> <!-- contactsTest_TC32 -->
        <test-method is-config="true" signature="removeDriver()[pri:0, instance:tests.ContactsTest@22c01ab0]" started-at="2023-09-14T21:29:44 CDT" name="removeDriver" finished-at="2023-09-14T21:29:44 CDT" duration-ms="369" status="PASS">
          <reporter-output>
          </reporter-output>
        </test-method> <!-- removeDriver -->
      </class> <!-- tests.ContactsTest -->
    </test> <!-- Test -->
  </suite> <!-- Suite -->
</testng-results>
